<?xml version="1.0" ?>
<testsuites>
	<testsuite name="ydb/library/actors/core/ut" tests="63" time="64.061337" failures="0" skipped="0">
		<testcase name="ActorBenchmark.SendActivateReceive1Pool2ThreadsNoAlloc" time="0.040972"/>
		<testcase name="ActorBenchmark.SendActivateReceive1Pool1ThreadAlloc" time="0.034979"/>
		<testcase name="ActorBenchmark.SendActivateReceive1Pool2ThreadsAlloc" time="0.040973"/>
		<testcase name="ActorBenchmark.SendActivateReceive1Pool1ThreadNoAlloc" time="0.028477"/>
		<testcase name="ActorBenchmark.SendActivateReceive1Pool3Threads" time="0.324113"/>
		<testcase name="ActorBenchmark.SendActivateReceive1Pool1Threads" time="0.057119"/>
		<testcase name="ActorBenchmark.SendActivateReceive1Pool2Threads" time="0.181953"/>
		<testcase name="ActorBenchmark.SendActivateReceive1Pool5Threads" time="0.69644"/>
		<testcase name="ActorBenchmark.SendActivateReceive1Pool4Threads" time="0.495406"/>
		<testcase name="ActorBenchmark.SendActivateReceive2Pool1ThreadNoAlloc" time="0.054469"/>
		<testcase name="ActorBenchmark.SendActivateReceive2Pool1ThreadAlloc" time="0.062463"/>
		<testcase name="ActorBenchmark.SendActivateReceive1Pool7Threads" time="1.162978"/>
		<testcase name="ActorBenchmark.SendActivateReceive1Pool8Threads" time="1.461825"/>
		<testcase name="ActorBenchmark.SendActivateReceive1Pool6Threads" time="0.932125"/>
		<testcase name="ActorBenchmark.SendReceive1Pool1ThreadAlloc" time="0.143696"/>
		<testcase name="ActorBenchmark.WithOnlyOneSharedExecutors" time="0.000101"/>
		<testcase name="ActorBenchmark.SendReceive1Pool1ThreadNoAlloc" time="0.138478"/>
		<testcase name="ActorBenchmark.WithOnlyOneNotSharedExecutors" time="0.008722"/>
		<testcase name="ActorBenchmark.SendActivateReceiveWithMailboxNeighbours" time="0.404184"/>
		<testcase name="ActorBenchmark.WithOnlyOneSharedAndOneCommonExecutors" time="4.8e-05"/>
		<testcase name="ActorBenchmark.SendActivateReceiveCSV" time="13.201993"/>
		<testcase name="ActorCoro.PoisonPill" time="3.003732"/>
		<testcase name="ActorBenchmark.WithSharedExecutors" time="8.2e-05"/>
		<testcase name="ActorCoro.Basic" time="3.004756"/>
		<testcase name="ActorSystemBenchmark.QuickSortActor" time="0.057896"/>
		<testcase name="ActorBenchmark.WithoutSharedExecutors" time="0.178461"/>
		<testcase name="ActorSystemBenchmark.KvActor" time="0.161532"/>
		<testcase name="AskActor.Timeout" time="0.042162"/>
		<testcase name="AskActor.Err" time="0.011841"/>
		<testcase name="ActorSystemPerformance.PerfTest" time="5.033741"/>
		<testcase name="ActorSystemMon.SerializeEv" time="7e-05"/>
		<testcase name="ActorSystemBenchmark.SumVector" time="0.053283"/>
		<testcase name="AskActor.Ok" time="0.032613"/>
		<testcase name="BasicExecutorPool.CheckCompleteAll" time="0.01011"/>
		<testcase name="BasicExecutorPool.CheckCompleteOne" time="0.008737"/>
		<testcase name="BasicExecutorPool.CheckCompleteRoundRobinOver" time="0.004223"/>
		<testcase name="BasicExecutorPool.Semaphore" time="0.158205"/>
		<testcase name="BasicExecutorPool.CheckStats" time="0.019807"/>
		<testcase name="BasicExecutorPool.CheckCompleteOver" time="0.014763"/>
		<testcase name="SchedulerActor.MediumEvents" time="5.062627"/>
		<testcase name="SchedulerActor.LongEvents" time="5.045167"/>
		<testcase name="ChangingThreadsCountInBasicExecutorPool.ContiniousChangingThreadCount" time="1.184405"/>
		<testcase name="SchedulerActor.QuickEvents" time="5.12504"/>
		<testcase name="TActorSystemTest.LocalService" time="0.003725"/>
		<testcase name="ChangingThreadsCountInBasicExecutorPool.DecreaseIncreaseThreadCount" time="12.093613"/>
		<testcase name="TEventProtoWithPayload.SerializeDeserialize" time="1.022134"/>
		<testcase name="TEventProtoWithPayload.PreSerializedCompatibility" time="4.8e-05"/>
		<testcase name="TEventProtoWithPayload.SerializeDeserializeArenaBig" time="0.204494"/>
		<testcase name="TEventProtoWithPayload.Compatibility" time="0.000322"/>
		<testcase name="TEventSerialization.Coroutine" time="7.1e-05"/>
		<testcase name="TEventProtoWithPayload.SerializeDeserializeArena" time="0.204616"/>
		<testcase name="TLoggerActorTest.ShouldObeyTimeThresholdMsWhenOverloaded" time="0.000867"/>
		<testcase name="TLoggerActorTest.LoggerCanRecover" time="0.000951"/>
		<testcase name="TLoggerActorTest.SubsequentWritesAreIgnored" time="0.001997"/>
		<testcase name="TLoggerActorTest.ShouldUseLogBufferWhenOverloaded" time="0.001281"/>
		<testcase name="TLoggerActorTest.ShouldLoseLogsIfBufferZeroSize" time="0.000926"/>
		<testcase name="TLoggerActorTest.NoCrashOnWriteFailure" time="0.003547"/>
		<testcase name="WaitingBenchs.SpinPause" time="0.016933"/>
		<testcase name="TProcStat.Fill" time="0.000259"/>
		<testcase name="TestStateFunc.StateFuncWithExceptions" time="0.002443"/>
		<testcase name="TestDecorator.LocalProcessKey" time="6.2e-05"/>
		<testcase name="WaitingBenchs.WakingUpTest" time="2.813146"/>
		<testcase name="TestDecorator.Basic" time="0.005135"/>
	</testsuite>
</testsuites>
